2019/10/04 00:24:44 [error] [exception.CException] exception 'CException' with message 'Alias "bootstrap.components.Bootstrap" is invalid. Make sure it points to an existing PHP file and the file is readable.' in C:\xampp\htdocs\yiiVotaciones\yii_f1.1\framework\YiiBase.php:323
Stack trace:
#0 C:\xampp\htdocs\yiiVotaciones\yii_f1.1\framework\YiiBase.php(196): YiiBase::import('bootstrap.compo...', true)
#1 C:\xampp\htdocs\yiiVotaciones\yii_f1.1\framework\base\CModule.php(393): YiiBase::createComponent(Array)
#2 C:\xampp\htdocs\yiiVotaciones\yii_f1.1\framework\base\CModule.php(103): CModule->getComponent('bootstrap')
#3 C:\xampp\htdocs\yiiVotaciones\yii_f1.1\votacionesApp\protected\views\layouts\main.php(9): CModule->__get('bootstrap')
#4 C:\xampp\htdocs\yiiVotaciones\yii_f1.1\framework\web\CBaseController.php(126): require('C:\\xampp\\htdocs...')
#5 C:\xampp\htdocs\yiiVotaciones\yii_f1.1\framework\web\CBaseController.php(95): CBaseController->renderInternal('C:\\xampp\\htdocs...', Array, true)
#6 C:\xampp\htdocs\yiiVotaciones\yii_f1.1\framework\web\widgets\CContentDecorator.php(76): CBaseController->renderFile('C:\\xampp\\htdocs...', Array, true)
#7 C:\xampp\htdocs\yiiVotaciones\yii_f1.1\framework\web\widgets\CContentDecorator.php(54): CContentDecorator->decorate('<div id="conten...')
#8 C:\xampp\htdocs\yiiVotaciones\yii_f1.1\framework\web\widgets\COutputProcessor.php(44): CContentDecorator->processOutput('<div id="conten...')
#9 C:\xampp\htdocs\yiiVotaciones\yii_f1.1\framework\web\CBaseController.php(214): COutputProcessor->run()
#10 C:\xampp\htdocs\yiiVotaciones\yii_f1.1\framework\web\CBaseController.php(308): CBaseController->endWidget('CContentDecorat...')
#11 C:\xampp\htdocs\yiiVotaciones\yii_f1.1\votacionesApp\protected\views\layouts\column1.php(6): CBaseController->endContent()
#12 C:\xampp\htdocs\yiiVotaciones\yii_f1.1\framework\web\CBaseController.php(126): require('C:\\xampp\\htdocs...')
#13 C:\xampp\htdocs\yiiVotaciones\yii_f1.1\framework\web\CBaseController.php(95): CBaseController->renderInternal('C:\\xampp\\htdocs...', Array, true)
#14 C:\xampp\htdocs\yiiVotaciones\yii_f1.1\framework\web\CController.php(784): CBaseController->renderFile('C:\\xampp\\htdocs...', Array, true)
#15 C:\xampp\htdocs\yiiVotaciones\yii_f1.1\votacionesApp\protected\controllers\SiteController.php(98): CController->render('login', Array)
#16 C:\xampp\htdocs\yiiVotaciones\yii_f1.1\framework\web\actions\CInlineAction.php(49): SiteController->actionLogin()
#17 C:\xampp\htdocs\yiiVotaciones\yii_f1.1\framework\web\CController.php(308): CInlineAction->runWithParams(Array)
#18 C:\xampp\htdocs\yiiVotaciones\yii_f1.1\framework\web\CController.php(286): CController->runAction(Object(CInlineAction))
#19 C:\xampp\htdocs\yiiVotaciones\yii_f1.1\framework\web\CController.php(265): CController->runActionWithFilters(Object(CInlineAction), Array)
#20 C:\xampp\htdocs\yiiVotaciones\yii_f1.1\framework\web\CWebApplication.php(282): CController->run('login')
#21 C:\xampp\htdocs\yiiVotaciones\yii_f1.1\framework\web\CWebApplication.php(141): CWebApplication->runController('site/login')
#22 C:\xampp\htdocs\yiiVotaciones\yii_f1.1\framework\base\CApplication.php(184): CWebApplication->processRequest()
#23 C:\xampp\htdocs\yiiVotaciones\yii_f1.1\votacionesApp\index.php(13): CApplication->run()
#24 {main}
REQUEST_URI=/yiiVotaciones/yii_f1.1/votacionesApp/index.php/site/login
---
2019/10/04 00:41:00 [error] [exception.CHttpException.404] exception 'CHttpException' with message 'Unable to resolve the request "usuario/login".' in C:\xampp\htdocs\yiiVotaciones\yii_f1.1\framework\web\CWebApplication.php:286
Stack trace:
#0 C:\xampp\htdocs\yiiVotaciones\yii_f1.1\framework\web\CWebApplication.php(141): CWebApplication->runController('usuario/login')
#1 C:\xampp\htdocs\yiiVotaciones\yii_f1.1\framework\base\CApplication.php(184): CWebApplication->processRequest()
#2 C:\xampp\htdocs\yiiVotaciones\yii_f1.1\votacionesApp\index.php(13): CApplication->run()
#3 {main}
REQUEST_URI=/yiiVotaciones/yii_f1.1/votacionesApp/index.php/usuario/login
HTTP_REFERER=http://localhost/yiiVotaciones/yii_f1.1/votacionesApp/index.php
---
