2019/10/04 22:16:24 [error] [system.db.CDbCommand] CDbCommand::fetch() failed: SQLSTATE[42S22]: Column not found: 1054 Unknown column 't.nombre' in 'field list'. The SQL statement executed was: SELECT t.id_user, t.nombre, t.apellido, t.usuario, t.clave, B.id_rol, D.nombre as nombre_rol, C.id_permiso, C.nombre as nombre_permiso, C.descripcion as desc_permiso FROM `votaciones_usuario_extendido` `t`  INNER JOIN votaciones_usuario_extendido AS B on t.id_user = B.id_user INNER JOIN votaciones_permisos AS C on B.id_rol = C.rol INNER JOIN votaciones_roles AS D on C.rol = D.id_rol WHERE t.usuario = :busqueda AND t.clave = :clave LIMIT 1.
in C:\xampp\htdocs\yii-1\prueba_jeffrey\protected\models\VotacionesUsuarioLogin.php (79)
in C:\xampp\htdocs\yii-1\prueba_jeffrey\protected\controllers\VotacionesController.php (39)
in C:\xampp\htdocs\yii-1\prueba_jeffrey\index.php (13)
2019/10/04 22:16:24 [error] [exception.CDbException] exception 'CDbException' with message 'CDbCommand failed to execute the SQL statement: SQLSTATE[42S22]: Column not found: 1054 Unknown column 't.nombre' in 'field list'. The SQL statement executed was: SELECT t.id_user, t.nombre, t.apellido, t.usuario, t.clave, B.id_rol, D.nombre as nombre_rol, C.id_permiso, C.nombre as nombre_permiso, C.descripcion as desc_permiso FROM `votaciones_usuario_extendido` `t`  INNER JOIN votaciones_usuario_extendido AS B on t.id_user = B.id_user INNER JOIN votaciones_permisos AS C on B.id_rol = C.rol INNER JOIN votaciones_roles AS D on C.rol = D.id_rol WHERE t.usuario = :busqueda AND t.clave = :clave LIMIT 1' in C:\xampp\htdocs\yii-1\framework\db\CDbCommand.php:543
Stack trace:
#0 C:\xampp\htdocs\yii-1\framework\db\CDbCommand.php(415): CDbCommand->queryInternal('fetch', Array, Array)
#1 C:\xampp\htdocs\yii-1\framework\db\ar\CActiveRecord.php(1356): CDbCommand->queryRow()
#2 C:\xampp\htdocs\yii-1\framework\db\ar\CActiveRecord.php(1461): CActiveRecord->query(Object(CDbCriteria))
#3 C:\xampp\htdocs\yii-1\prueba_jeffrey\protected\models\VotacionesUsuarioLogin.php(79): CActiveRecord->find(Object(CDbCriteria))
#4 C:\xampp\htdocs\yii-1\prueba_jeffrey\protected\controllers\VotacionesController.php(39): VotacionesUsuarioLogin->validarLogin('prueba', '123')
#5 C:\xampp\htdocs\yii-1\framework\web\actions\CInlineAction.php(49): VotacionesController->actionLogin()
#6 C:\xampp\htdocs\yii-1\framework\web\CController.php(308): CInlineAction->runWithParams(Array)
#7 C:\xampp\htdocs\yii-1\framework\web\CController.php(286): CController->runAction(Object(CInlineAction))
#8 C:\xampp\htdocs\yii-1\framework\web\CController.php(265): CController->runActionWithFilters(Object(CInlineAction), Array)
#9 C:\xampp\htdocs\yii-1\framework\web\CWebApplication.php(282): CController->run('login')
#10 C:\xampp\htdocs\yii-1\framework\web\CWebApplication.php(141): CWebApplication->runController('votaciones/logi...')
#11 C:\xampp\htdocs\yii-1\framework\base\CApplication.php(184): CWebApplication->processRequest()
#12 C:\xampp\htdocs\yii-1\prueba_jeffrey\index.php(13): CApplication->run()
#13 {main}
REQUEST_URI=/yii-1/prueba_jeffrey/votaciones/login
HTTP_REFERER=http://localhost/yii-1/prueba_jeffrey/votaciones/login
---
2019/10/04 22:17:59 [error] [system.db.CDbCommand] CDbCommand::fetch() failed: SQLSTATE[42S22]: Column not found: 1054 Unknown column 't.id_rol' in 'on clause'. The SQL statement executed was: SELECT t.*, D.nombre as nombre_rol, C.id_permiso, C.nombre as nombre_permiso, C.descripcion as desc_permiso FROM `votaciones_usuario` `t`  INNER JOIN votaciones_permisos AS C on t.id_rol = C.rol INNER JOIN votaciones_roles AS D on C.rol = D.id_rol WHERE t.usuario = :busqueda AND t.clave = :clave LIMIT 1.
in C:\xampp\htdocs\yii-1\prueba_jeffrey\protected\models\VotacionesUsuarioLogin.php (77)
in C:\xampp\htdocs\yii-1\prueba_jeffrey\protected\controllers\VotacionesController.php (39)
in C:\xampp\htdocs\yii-1\prueba_jeffrey\index.php (13)
2019/10/04 22:17:59 [error] [exception.CDbException] exception 'CDbException' with message 'CDbCommand failed to execute the SQL statement: SQLSTATE[42S22]: Column not found: 1054 Unknown column 't.id_rol' in 'on clause'. The SQL statement executed was: SELECT t.*, D.nombre as nombre_rol, C.id_permiso, C.nombre as nombre_permiso, C.descripcion as desc_permiso FROM `votaciones_usuario` `t`  INNER JOIN votaciones_permisos AS C on t.id_rol = C.rol INNER JOIN votaciones_roles AS D on C.rol = D.id_rol WHERE t.usuario = :busqueda AND t.clave = :clave LIMIT 1' in C:\xampp\htdocs\yii-1\framework\db\CDbCommand.php:543
Stack trace:
#0 C:\xampp\htdocs\yii-1\framework\db\CDbCommand.php(415): CDbCommand->queryInternal('fetch', Array, Array)
#1 C:\xampp\htdocs\yii-1\framework\db\ar\CActiveRecord.php(1356): CDbCommand->queryRow()
#2 C:\xampp\htdocs\yii-1\framework\db\ar\CActiveRecord.php(1461): CActiveRecord->query(Object(CDbCriteria))
#3 C:\xampp\htdocs\yii-1\prueba_jeffrey\protected\models\VotacionesUsuarioLogin.php(77): CActiveRecord->find(Object(CDbCriteria))
#4 C:\xampp\htdocs\yii-1\prueba_jeffrey\protected\controllers\VotacionesController.php(39): VotacionesUsuarioLogin->validarLogin('prueba', '123')
#5 C:\xampp\htdocs\yii-1\framework\web\actions\CInlineAction.php(49): VotacionesController->actionLogin()
#6 C:\xampp\htdocs\yii-1\framework\web\CController.php(308): CInlineAction->runWithParams(Array)
#7 C:\xampp\htdocs\yii-1\framework\web\CController.php(286): CController->runAction(Object(CInlineAction))
#8 C:\xampp\htdocs\yii-1\framework\web\CController.php(265): CController->runActionWithFilters(Object(CInlineAction), Array)
#9 C:\xampp\htdocs\yii-1\framework\web\CWebApplication.php(282): CController->run('login')
#10 C:\xampp\htdocs\yii-1\framework\web\CWebApplication.php(141): CWebApplication->runController('votaciones/logi...')
#11 C:\xampp\htdocs\yii-1\framework\base\CApplication.php(184): CWebApplication->processRequest()
#12 C:\xampp\htdocs\yii-1\prueba_jeffrey\index.php(13): CApplication->run()
#13 {main}
REQUEST_URI=/yii-1/prueba_jeffrey/votaciones/login
HTTP_REFERER=http://localhost/yii-1/prueba_jeffrey/votaciones/login
---
2019/10/04 22:33:46 [error] [php] Trying to get property of non-object (C:\xampp\htdocs\yii-1\prueba_jeffrey\protected\models\VotacionesUsuarioLogin.php:91)
Stack trace:
#0 C:\xampp\htdocs\yii-1\framework\web\CController.php(308): CInlineAction->runWithParams()
#1 C:\xampp\htdocs\yii-1\framework\web\CController.php(286): VotacionesController->runAction()
#2 C:\xampp\htdocs\yii-1\framework\web\CController.php(265): VotacionesController->runActionWithFilters()
#3 C:\xampp\htdocs\yii-1\framework\web\CWebApplication.php(282): VotacionesController->run()
#4 C:\xampp\htdocs\yii-1\framework\web\CWebApplication.php(141): CWebApplication->runController()
#5 C:\xampp\htdocs\yii-1\framework\base\CApplication.php(184): CWebApplication->processRequest()
#6 C:\xampp\htdocs\yii-1\prueba_jeffrey\index.php(13): CWebApplication->run()
REQUEST_URI=/yii-1/prueba_jeffrey/votaciones/login
in C:\xampp\htdocs\yii-1\prueba_jeffrey\protected\models\VotacionesUsuarioLogin.php (91)
in C:\xampp\htdocs\yii-1\prueba_jeffrey\protected\controllers\VotacionesController.php (39)
in C:\xampp\htdocs\yii-1\prueba_jeffrey\index.php (13)
2019/10/04 22:34:29 [error] [php] Trying to get property of non-object (C:\xampp\htdocs\yii-1\prueba_jeffrey\protected\models\VotacionesUsuarioLogin.php:91)
Stack trace:
#0 C:\xampp\htdocs\yii-1\framework\web\CController.php(308): CInlineAction->runWithParams()
#1 C:\xampp\htdocs\yii-1\framework\web\CController.php(286): VotacionesController->runAction()
#2 C:\xampp\htdocs\yii-1\framework\web\CController.php(265): VotacionesController->runActionWithFilters()
#3 C:\xampp\htdocs\yii-1\framework\web\CWebApplication.php(282): VotacionesController->run()
#4 C:\xampp\htdocs\yii-1\framework\web\CWebApplication.php(141): CWebApplication->runController()
#5 C:\xampp\htdocs\yii-1\framework\base\CApplication.php(184): CWebApplication->processRequest()
#6 C:\xampp\htdocs\yii-1\prueba_jeffrey\index.php(13): CWebApplication->run()
REQUEST_URI=/yii-1/prueba_jeffrey/votaciones/login
in C:\xampp\htdocs\yii-1\prueba_jeffrey\protected\models\VotacionesUsuarioLogin.php (91)
in C:\xampp\htdocs\yii-1\prueba_jeffrey\protected\controllers\VotacionesController.php (39)
in C:\xampp\htdocs\yii-1\prueba_jeffrey\index.php (13)
2019/10/04 22:35:08 [error] [php] Trying to get property of non-object (C:\xampp\htdocs\yii-1\prueba_jeffrey\protected\models\VotacionesUsuarioLogin.php:92)
Stack trace:
#0 C:\xampp\htdocs\yii-1\framework\web\CController.php(308): CInlineAction->runWithParams()
#1 C:\xampp\htdocs\yii-1\framework\web\CController.php(286): VotacionesController->runAction()
#2 C:\xampp\htdocs\yii-1\framework\web\CController.php(265): VotacionesController->runActionWithFilters()
#3 C:\xampp\htdocs\yii-1\framework\web\CWebApplication.php(282): VotacionesController->run()
#4 C:\xampp\htdocs\yii-1\framework\web\CWebApplication.php(141): CWebApplication->runController()
#5 C:\xampp\htdocs\yii-1\framework\base\CApplication.php(184): CWebApplication->processRequest()
#6 C:\xampp\htdocs\yii-1\prueba_jeffrey\index.php(13): CWebApplication->run()
REQUEST_URI=/yii-1/prueba_jeffrey/votaciones/login
in C:\xampp\htdocs\yii-1\prueba_jeffrey\protected\models\VotacionesUsuarioLogin.php (92)
in C:\xampp\htdocs\yii-1\prueba_jeffrey\protected\controllers\VotacionesController.php (39)
in C:\xampp\htdocs\yii-1\prueba_jeffrey\index.php (13)
2019/10/05 00:56:26 [error] [php] Undefined index: id (C:\xampp\htdocs\yii-1\prueba_jeffrey\protected\views\votante\index.php:21)
Stack trace:
#0 C:\xampp\htdocs\yii-1\framework\web\CController.php(869): VotanteController->renderFile()
#1 C:\xampp\htdocs\yii-1\framework\web\CController.php(782): VotanteController->renderPartial()
#2 C:\xampp\htdocs\yii-1\prueba_jeffrey\protected\controllers\VotanteController.php(9): VotanteController->render()
#3 C:\xampp\htdocs\yii-1\framework\web\actions\CInlineAction.php(49): VotanteController->actionIndex()
#4 C:\xampp\htdocs\yii-1\framework\web\CController.php(308): CInlineAction->runWithParams()
#5 C:\xampp\htdocs\yii-1\framework\web\CController.php(286): VotanteController->runAction()
#6 C:\xampp\htdocs\yii-1\framework\web\CController.php(265): VotanteController->runActionWithFilters()
#7 C:\xampp\htdocs\yii-1\framework\web\CWebApplication.php(282): VotanteController->run()
#8 C:\xampp\htdocs\yii-1\framework\web\CWebApplication.php(141): CWebApplication->runController()
#9 C:\xampp\htdocs\yii-1\framework\base\CApplication.php(184): CWebApplication->processRequest()
#10 C:\xampp\htdocs\yii-1\prueba_jeffrey\index.php(13): CWebApplication->run()
REQUEST_URI=/yii-1/prueba_jeffrey/votante/index
in C:\xampp\htdocs\yii-1\prueba_jeffrey\protected\views\votante\index.php (21)
in C:\xampp\htdocs\yii-1\prueba_jeffrey\protected\controllers\VotanteController.php (9)
in C:\xampp\htdocs\yii-1\prueba_jeffrey\index.php (13)
